app/build/outputs/logs/manifest-merger-debug-report.txt
-- Merging decision tree log ---
manifest
ADDED from src/main/AndroidManifest.xml:2:1-236:12
	xmlns:android
		ADDED from src/main/AndroidManifest.xml:2:11-69
	package
		ADDED from src/main/AndroidManifest.xml:3:5-44
		INJECTED from src/main/AndroidManifest.xml
		INJECTED from src/main/AndroidManifest.xml
	android:versionName
		ADDED from src/main/AndroidManifest.xml:5:5-30
	android:versionCode
		ADDED from src/main/AndroidManifest.xml:4:5-28
		INJECTED from src/main/AndroidManifest.xml
		INJECTED from src/main/AndroidManifest.xml
uses-sdk
ADDED from src/main/AndroidManifest.xml:7:5-9:41
	android:targetSdkVersion
		ADDED from src/main/AndroidManifest.xml:9:9-38
		INJECTED from src/main/AndroidManifest.xml
		INJECTED from src/main/AndroidManifest.xml
	android:minSdkVersion
		ADDED from src/main/AndroidManifest.xml:8:9-34
		INJECTED from src/main/AndroidManifest.xml
		INJECTED from src/main/AndroidManifest.xml
uses-permission#android.permission.SET_WALLPAPER
ADDED from src/main/AndroidManifest.xml:11:5-72
	android:name
		ADDED from src/main/AndroidManifest.xml:11:22-69
uses-permission#android.permission.INTERNET
ADDED from src/main/AndroidManifest.xml:12:5-67
	android:name
		ADDED from src/main/AndroidManifest.xml:12:22-64
uses-permission#android.permission.ACCESS_NETWORK_STATE
ADDED from src/main/AndroidManifest.xml:13:5-79
	android:name
		ADDED from src/main/AndroidManifest.xml:13:22-76
application
ADDED from src/main/AndroidManifest.xml:15:5-234:19
	android:label
		ADDED from src/main/AndroidManifest.xml:18:9-41
	android:allowBackup
		ADDED from src/main/AndroidManifest.xml:16:9-35
	android:icon
		ADDED from src/main/AndroidManifest.xml:17:9-37
	android:theme
		ADDED from src/main/AndroidManifest.xml:19:9-40
activity#com.google.ads.AdActivity
ADDED from src/main/AndroidManifest.xml:20:9-23:20
	android:configChanges
		ADDED from src/main/AndroidManifest.xml:22:13-122
	android:name
		ADDED from src/main/AndroidManifest.xml:21:13-53
activity#com.example.manyinone_applets.PrimeFinder
ADDED from src/main/AndroidManifest.xml:24:9-32:20
	android:label
		ADDED from src/main/AndroidManifest.xml:26:13-36
	android:name
		ADDED from src/main/AndroidManifest.xml:25:13-69
intent-filter#android.intent.category.DEFAULT+com.example.manyinone_applets.PRIMEFINDER
ADDED from src/main/AndroidManifest.xml:27:13-31:29
action#com.example.manyinone_applets.PRIMEFINDER
ADDED from src/main/AndroidManifest.xml:28:17-84
	android:name
		ADDED from src/main/AndroidManifest.xml:28:25-81
category#android.intent.category.DEFAULT
ADDED from src/main/AndroidManifest.xml:30:17-76
	android:name
		ADDED from src/main/AndroidManifest.xml:30:27-73
activity#com.example.manyinone_applets.MyFacebook
ADDED from src/main/AndroidManifest.xml:33:9-41:20
	android:label
		ADDED from src/main/AndroidManifest.xml:35:13-36
	android:name
		ADDED from src/main/AndroidManifest.xml:34:13-68
intent-filter#android.intent.category.DEFAULT+com.example.manyinone_applets.MYFACEBOOK
ADDED from src/main/AndroidManifest.xml:36:13-40:29
action#com.example.manyinone_applets.MYFACEBOOK
ADDED from src/main/AndroidManifest.xml:37:17-83
	android:name
		ADDED from src/main/AndroidManifest.xml:37:25-80
activity#com.example.manyinone_applets.RealMadrid
ADDED from src/main/AndroidManifest.xml:42:9-50:20
	android:label
		ADDED from src/main/AndroidManifest.xml:44:13-36
	android:name
		ADDED from src/main/AndroidManifest.xml:43:13-68
intent-filter#android.intent.category.DEFAULT+com.example.manyinone_applets.REALMADRID
ADDED from src/main/AndroidManifest.xml:45:13-49:29
action#com.example.manyinone_applets.REALMADRID
ADDED from src/main/AndroidManifest.xml:46:17-83
	android:name
		ADDED from src/main/AndroidManifest.xml:46:25-80
activity#com.example.manyinone_applets.CALLLAP
ADDED from src/main/AndroidManifest.xml:51:9-59:20
	android:label
		ADDED from src/main/AndroidManifest.xml:53:13-36
	android:name
		ADDED from src/main/AndroidManifest.xml:52:13-65
intent-filter#android.intent.category.DEFAULT+com.example.manyinone_applets.CALLLAP
ADDED from src/main/AndroidManifest.xml:54:13-58:29
action#com.example.manyinone_applets.CALLLAP
ADDED from src/main/AndroidManifest.xml:55:17-80
	android:name
		ADDED from src/main/AndroidManifest.xml:55:25-77
activity#com.example.manyinone_applets.Barcelona
ADDED from src/main/AndroidManifest.xml:60:9-68:20
	android:label
		ADDED from src/main/AndroidManifest.xml:62:13-36
	android:name
		ADDED from src/main/AndroidManifest.xml:61:13-67
intent-filter#android.intent.category.DEFAULT+com.example.manyinone_applets.BARCELONA
ADDED from src/main/AndroidManifest.xml:63:13-67:29
action#com.example.manyinone_applets.BARCELONA
ADDED from src/main/AndroidManifest.xml:64:17-82
	android:name
		ADDED from src/main/AndroidManifest.xml:64:25-79
activity#com.example.manyinone_applets.Counter
ADDED from src/main/AndroidManifest.xml:69:9-77:20
	android:label
		ADDED from src/main/AndroidManifest.xml:71:13-36
	android:name
		ADDED from src/main/AndroidManifest.xml:70:13-65
intent-filter#android.intent.category.DEFAULT+com.example.manyinone_applets.COUNTER
ADDED from src/main/AndroidManifest.xml:72:13-76:29
action#com.example.manyinone_applets.COUNTER
ADDED from src/main/AndroidManifest.xml:73:17-80
	android:name
		ADDED from src/main/AndroidManifest.xml:73:25-77
activity#com.example.manyinone_applets.Epl
ADDED from src/main/AndroidManifest.xml:78:9-86:20
	android:label
		ADDED from src/main/AndroidManifest.xml:80:13-36
	android:name
		ADDED from src/main/AndroidManifest.xml:79:13-61
intent-filter#android.intent.category.DEFAULT+com.example.manyinone_applets.EPL
ADDED from src/main/AndroidManifest.xml:81:13-85:29
action#com.example.manyinone_applets.EPL
ADDED from src/main/AndroidManifest.xml:82:17-76
	android:name
		ADDED from src/main/AndroidManifest.xml:82:25-73
activity#com.example.manyinone_applets.Browser
ADDED from src/main/AndroidManifest.xml:87:9-95:20
	android:label
		ADDED from src/main/AndroidManifest.xml:89:13-36
	android:name
		ADDED from src/main/AndroidManifest.xml:88:13-65
intent-filter#android.intent.category.DEFAULT+com.example.manyinone_applets.BROWSER
ADDED from src/main/AndroidManifest.xml:90:13-94:29
action#com.example.manyinone_applets.BROWSER
ADDED from src/main/AndroidManifest.xml:91:17-80
	android:name
		ADDED from src/main/AndroidManifest.xml:91:25-77
activity#com.example.manyinone_applets.FootballInfo
ADDED from src/main/AndroidManifest.xml:96:9-104:20
	android:label
		ADDED from src/main/AndroidManifest.xml:98:13-36
	android:name
		ADDED from src/main/AndroidManifest.xml:97:13-70
intent-filter#android.intent.category.DEFAULT+com.example.manyinone_applets.FOOTBALLINFO
ADDED from src/main/AndroidManifest.xml:99:13-103:29
action#com.example.manyinone_applets.FOOTBALLINFO
ADDED from src/main/AndroidManifest.xml:100:17-85
	android:name
		ADDED from src/main/AndroidManifest.xml:100:25-82
activity#com.example.manyinone_applets.Chelsea
ADDED from src/main/AndroidManifest.xml:105:9-113:20
	android:label
		ADDED from src/main/AndroidManifest.xml:107:13-36
	android:name
		ADDED from src/main/AndroidManifest.xml:106:13-65
intent-filter#android.intent.category.DEFAULT+com.example.manyinone_applets.CHELSEA
ADDED from src/main/AndroidManifest.xml:108:13-112:29
action#com.example.manyinone_applets.CHELSEA
ADDED from src/main/AndroidManifest.xml:109:17-80
	android:name
		ADDED from src/main/AndroidManifest.xml:109:25-77
activity#com.example.manyinone_applets.Stopwatch
ADDED from src/main/AndroidManifest.xml:114:9-122:20
	android:label
		ADDED from src/main/AndroidManifest.xml:116:13-36
	android:name
		ADDED from src/main/AndroidManifest.xml:115:13-67
intent-filter#android.intent.category.DEFAULT+com.example.manyinone_applets.STOPWATCH
ADDED from src/main/AndroidManifest.xml:117:13-121:29
action#com.example.manyinone_applets.STOPWATCH
ADDED from src/main/AndroidManifest.xml:118:17-82
	android:name
		ADDED from src/main/AndroidManifest.xml:118:25-79
activity#com.example.manyinone_applets.AllPlayers
ADDED from src/main/AndroidManifest.xml:123:9-131:20
	android:label
		ADDED from src/main/AndroidManifest.xml:125:13-36
	android:name
		ADDED from src/main/AndroidManifest.xml:124:13-68
intent-filter#android.intent.category.DEFAULT+com.example.manyinone_applets.ALLPLAYERS
ADDED from src/main/AndroidManifest.xml:126:13-130:29
action#com.example.manyinone_applets.ALLPLAYERS
ADDED from src/main/AndroidManifest.xml:127:17-83
	android:name
		ADDED from src/main/AndroidManifest.xml:127:25-80
activity#com.example.manyinone_applets.Menu
ADDED from src/main/AndroidManifest.xml:132:9-140:20
	android:label
		ADDED from src/main/AndroidManifest.xml:134:13-33
	android:name
		ADDED from src/main/AndroidManifest.xml:133:13-62
intent-filter#android.intent.category.DEFAULT+com.example.manyinone_applets.MENU
ADDED from src/main/AndroidManifest.xml:135:13-139:29
action#com.example.manyinone_applets.MENU
ADDED from src/main/AndroidManifest.xml:136:17-77
	android:name
		ADDED from src/main/AndroidManifest.xml:136:25-74
activity#com.example.manyinone_applets.TextPlay
ADDED from src/main/AndroidManifest.xml:141:9-149:20
	android:label
		ADDED from src/main/AndroidManifest.xml:143:13-37
	android:name
		ADDED from src/main/AndroidManifest.xml:142:13-66
intent-filter#android.intent.category.DEFAULT+com.example.manyinone_applets.TEXTPLAY
ADDED from src/main/AndroidManifest.xml:144:13-148:29
action#com.example.manyinone_applets.TEXTPLAY
ADDED from src/main/AndroidManifest.xml:145:17-81
	android:name
		ADDED from src/main/AndroidManifest.xml:145:25-78
activity#com.example.manyinone_applets.Splash
ADDED from src/main/AndroidManifest.xml:150:9-158:20
	android:label
		ADDED from src/main/AndroidManifest.xml:152:13-45
	android:name
		ADDED from src/main/AndroidManifest.xml:151:13-64
intent-filter#android.intent.action.MAIN+android.intent.category.LAUNCHER
ADDED from src/main/AndroidManifest.xml:153:13-157:29
action#android.intent.action.MAIN
ADDED from src/main/AndroidManifest.xml:154:17-69
	android:name
		ADDED from src/main/AndroidManifest.xml:154:25-66
category#android.intent.category.LAUNCHER
ADDED from src/main/AndroidManifest.xml:156:17-77
	android:name
		ADDED from src/main/AndroidManifest.xml:156:27-74
activity#com.example.manyinone_applets.SetWallpaper
ADDED from src/main/AndroidManifest.xml:159:9-168:20
	android:screenOrientation
		ADDED from src/main/AndroidManifest.xml:162:13-49
	android:label
		ADDED from src/main/AndroidManifest.xml:161:13-35
	android:name
		ADDED from src/main/AndroidManifest.xml:160:13-70
intent-filter#android.intent.category.DEFAULT+com.example.manyinone_applets.SETWALLPAPER
ADDED from src/main/AndroidManifest.xml:163:13-167:29
action#com.example.manyinone_applets.SETWALLPAPER
ADDED from src/main/AndroidManifest.xml:164:17-85
	android:name
		ADDED from src/main/AndroidManifest.xml:164:25-82
activity#com.example.manyinone_applets.QuestionAnswer
ADDED from src/main/AndroidManifest.xml:169:9-177:20
	android:label
		ADDED from src/main/AndroidManifest.xml:171:13-43
	android:name
		ADDED from src/main/AndroidManifest.xml:170:13-72
intent-filter#android.intent.category.DEFAULT+com.example.manyinone_applets.QUESTIONANSWER
ADDED from src/main/AndroidManifest.xml:172:13-176:29
action#com.example.manyinone_applets.QUESTIONANSWER
ADDED from src/main/AndroidManifest.xml:173:17-87
	android:name
		ADDED from src/main/AndroidManifest.xml:173:25-84
activity#com.example.manyinone_applets.OpenedClass
ADDED from src/main/AndroidManifest.xml:178:9-186:20
	android:label
		ADDED from src/main/AndroidManifest.xml:180:13-43
	android:name
		ADDED from src/main/AndroidManifest.xml:179:13-69
intent-filter#android.intent.category.DEFAULT+com.example.manyinone_applets.OPENEDCLASS
ADDED from src/main/AndroidManifest.xml:181:13-185:29
action#com.example.manyinone_applets.OPENEDCLASS
ADDED from src/main/AndroidManifest.xml:182:17-84
	android:name
		ADDED from src/main/AndroidManifest.xml:182:25-81
activity#com.example.manyinone_applets.Esp
ADDED from src/main/AndroidManifest.xml:187:9-195:20
	android:label
		ADDED from src/main/AndroidManifest.xml:189:13-37
	android:name
		ADDED from src/main/AndroidManifest.xml:188:13-61
intent-filter#android.intent.category.DEFAULT+com.example.manyinone_applets.ESP
ADDED from src/main/AndroidManifest.xml:190:13-194:29
action#com.example.manyinone_applets.ESP
ADDED from src/main/AndroidManifest.xml:191:17-76
	android:name
		ADDED from src/main/AndroidManifest.xml:191:25-73
activity#com.example.manyinone_applets.AboutUs
ADDED from src/main/AndroidManifest.xml:196:9-205:20
	android:label
		ADDED from src/main/AndroidManifest.xml:198:13-34
	android:theme
		ADDED from src/main/AndroidManifest.xml:199:13-56
	android:name
		ADDED from src/main/AndroidManifest.xml:197:13-65
intent-filter#android.intent.category.DEFAULT+com.example.manyinone_applets.ABOUT
ADDED from src/main/AndroidManifest.xml:200:13-204:29
action#com.example.manyinone_applets.ABOUT
ADDED from src/main/AndroidManifest.xml:201:17-78
	android:name
		ADDED from src/main/AndroidManifest.xml:201:25-75
activity#com.example.manyinone_applets.Version
ADDED from src/main/AndroidManifest.xml:206:9-215:20
	android:label
		ADDED from src/main/AndroidManifest.xml:208:13-36
	android:theme
		ADDED from src/main/AndroidManifest.xml:209:13-56
	android:name
		ADDED from src/main/AndroidManifest.xml:207:13-65
intent-filter#android.intent.category.DEFAULT+com.example.manyinone_applets.VERSION
ADDED from src/main/AndroidManifest.xml:210:13-214:29
action#com.example.manyinone_applets.VERSION
ADDED from src/main/AndroidManifest.xml:211:17-80
	android:name
		ADDED from src/main/AndroidManifest.xml:211:25-77
activity#com.example.manyinone_applets.Liverpool
ADDED from src/main/AndroidManifest.xml:216:9-224:20
	android:label
		ADDED from src/main/AndroidManifest.xml:218:13-38
	android:name
		ADDED from src/main/AndroidManifest.xml:217:13-67
intent-filter#android.intent.category.DEFAULT+com.example.manyinone_applets.LIVERPOOL
ADDED from src/main/AndroidManifest.xml:219:13-223:29
action#com.example.manyinone_applets.LIVERPOOL
ADDED from src/main/AndroidManifest.xml:220:17-82
	android:name
		ADDED from src/main/AndroidManifest.xml:220:25-79
activity#com.example.manyinone_applets.ManchesterUtd
ADDED from src/main/AndroidManifest.xml:225:9-233:20
	android:label
		ADDED from src/main/AndroidManifest.xml:227:13-38
	android:name
		ADDED from src/main/AndroidManifest.xml:226:13-71
intent-filter#android.intent.category.DEFAULT+com.example.manyinone_applets.MANCHESTERUTD
ADDED from src/main/AndroidManifest.xml:228:13-232:29
action#com.example.manyinone_applets.MANCHESTERUTD
ADDED from src/main/AndroidManifest.xml:229:17-86
	android:name
		ADDED from src/main/AndroidManifest.xml:229:25-83